C:\Users\hanl0030\Documents\GitHub\OnLooker\Game Framework\Windows\OnLooker\\Output\Debug\OnLooker.exe
C:\Users\hanl0030\Documents\GitHub\OnLooker\Game Framework\Windows\OnLooker\\Output\Debug\OnLooker.ilk
C:\Users\hanl0030\Documents\GitHub\OnLooker\Game Framework\Windows\OnLooker\\Output\Debug\OnLooker.pdb
C:\USERS\HANL0030\DOCUMENTS\GITHUB\ONLOOKER\GAME FRAMEWORK\WINDOWS\ONLOOKER\OUTPUT\DEBUG\ONLOOKER.EXE
C:\USERS\HANL0030\DOCUMENTS\GITHUB\ONLOOKER\GAME FRAMEWORK\WINDOWS\ONLOOKER\OUTPUT\DEBUG\ONLOOKER.ILK
C:\USERS\HANL0030\DOCUMENTS\GITHUB\ONLOOKER\GAME FRAMEWORK\WINDOWS\ONLOOKER\OUTPUT\DEBUG\ONLOOKER.PDB
C:\Users\hanl0030\Documents\GitHub\OnLooker\Game Framework\Windows\OnLooker\Output\Int\Debug\cl.command.1.tlog
C:\Users\hanl0030\Documents\GitHub\OnLooker\Game Framework\Windows\OnLooker\Output\Int\Debug\CL.read.1.tlog
C:\Users\hanl0030\Documents\GitHub\OnLooker\Game Framework\Windows\OnLooker\Output\Int\Debug\CL.write.1.tlog
C:\Users\hanl0030\Documents\GitHub\OnLooker\Game Framework\Windows\OnLooker\Output\Int\Debug\link.command.1.tlog
C:\Users\hanl0030\Documents\GitHub\OnLooker\Game Framework\Windows\OnLooker\Output\Int\Debug\link.read.1.tlog
C:\Users\hanl0030\Documents\GitHub\OnLooker\Game Framework\Windows\OnLooker\Output\Int\Debug\link.write.1.tlog
C:\Users\hanl0030\Documents\GitHub\OnLooker\Game Framework\Windows\OnLooker\Output\Int\Debug\mt.command.1.tlog
C:\Users\hanl0030\Documents\GitHub\OnLooker\Game Framework\Windows\OnLooker\Output\Int\Debug\mt.read.1.tlog
C:\Users\hanl0030\Documents\GitHub\OnLooker\Game Framework\Windows\OnLooker\Output\Int\Debug\mt.write.1.tlog
C:\USERS\HANL0030\DOCUMENTS\GITHUB\ONLOOKER\GAME FRAMEWORK\WINDOWS\ONLOOKER\OUTPUT\INT\DEBUG\OL_APPLICATION.OBJ
C:\USERS\HANL0030\DOCUMENTS\GITHUB\ONLOOKER\GAME FRAMEWORK\WINDOWS\ONLOOKER\OUTPUT\INT\DEBUG\OL_MAIN.OBJ
C:\USERS\HANL0030\DOCUMENTS\GITHUB\ONLOOKER\GAME FRAMEWORK\WINDOWS\ONLOOKER\OUTPUT\INT\DEBUG\ONLOOKER.EXE.INTERMEDIATE.MANIFEST
C:\Users\hanl0030\Documents\GitHub\OnLooker\Game Framework\Windows\OnLooker\Output\Int\Debug\OnLooker.vcxprojResolveAssemblyReference.cache
C:\Users\hanl0030\Documents\GitHub\OnLooker\Game Framework\Windows\OnLooker\Output\Int\Debug\OnLooker.write.1.tlog
C:\Users\hanl0030\Documents\GitHub\OnLooker\Game Framework\Windows\OnLooker\Output\Int\Debug\vc100.idb
C:\USERS\HANL0030\DOCUMENTS\GITHUB\ONLOOKER\GAME FRAMEWORK\WINDOWS\ONLOOKER\OUTPUT\INT\DEBUG\VC100.PDB
C:\USERS\NATHAN\DOCUMENTS\GITHUB\ONLOOKER\GAME FRAMEWORK\WINDOWS\ONLOOKER\OUTPUT\DEBUG\ONLOOKER.EXE
C:\USERS\NATHAN\DOCUMENTS\GITHUB\ONLOOKER\GAME FRAMEWORK\WINDOWS\ONLOOKER\OUTPUT\DEBUG\ONLOOKER.ILK
C:\USERS\NATHAN\DOCUMENTS\GITHUB\ONLOOKER\GAME FRAMEWORK\WINDOWS\ONLOOKER\OUTPUT\DEBUG\ONLOOKER.PDB
C:\USERS\NATHAN\DOCUMENTS\GITHUB\ONLOOKER\GAME FRAMEWORK\WINDOWS\ONLOOKER\OUTPUT\INT\DEBUG\OL_APPLICATION.OBJ
C:\USERS\NATHAN\DOCUMENTS\GITHUB\ONLOOKER\GAME FRAMEWORK\WINDOWS\ONLOOKER\OUTPUT\INT\DEBUG\OL_MAIN.OBJ
C:\USERS\NATHAN\DOCUMENTS\GITHUB\ONLOOKER\GAME FRAMEWORK\WINDOWS\ONLOOKER\OUTPUT\INT\DEBUG\OL_WINDOW.OBJ
C:\USERS\NATHAN\DOCUMENTS\GITHUB\ONLOOKER\GAME FRAMEWORK\WINDOWS\ONLOOKER\OUTPUT\INT\DEBUG\ONLOOKER.EXE.INTERMEDIATE.MANIFEST
C:\USERS\NATHAN\DOCUMENTS\GITHUB\ONLOOKER\GAME FRAMEWORK\WINDOWS\ONLOOKER\OUTPUT\INT\DEBUG\VC100.PDB
