Build started 26/02/2014 12:17:08 AM.
     1>Project "C:\Users\Nathan\Documents\GitHub\OnLooker\Game Framework\Windows\OnLooker\OnLooker\OnLooker.vcxproj" on node 2 (build target(s)).
     1>PrepareForBuild:
         Creating directory "C:\Users\Nathan\Documents\GitHub\OnLooker\Game Framework\Windows\OnLooker\\Output\Release\".
       InitializeBuildStatus:
         Creating "C:\Users\Nathan\Documents\GitHub\OnLooker\Game Framework\Windows\OnLooker\\Output\Int\Release\OnLooker.unsuccessfulbuild" because "AlwaysCreate" was specified.
       ClCompile:
         c:\Program Files (x86)\Microsoft Visual Studio 10.0\VC\bin\CL.exe /c /Zi /nologo /W3 /WX- /O2 /Oi /Oy- /GL /D _UNICODE /D UNICODE /Gm- /EHsc /MD /GS /Gy /fp:precise /Zc:wchar_t /Zc:forScope /Fo"C:\Users\Nathan\Documents\GitHub\OnLooker\Game Framework\Windows\OnLooker\\Output\Int\Release\\" /Fd"C:\Users\Nathan\Documents\GitHub\OnLooker\Game Framework\Windows\OnLooker\\Output\Int\Release\vc100.pdb" /Gd /TP /analyze- /errorReport:prompt OL_Main.cpp
         OL_Main.cpp
       Link:
         c:\Program Files (x86)\Microsoft Visual Studio 10.0\VC\bin\link.exe /ERRORREPORT:PROMPT /OUT:"C:\Users\Nathan\Documents\GitHub\OnLooker\Game Framework\Windows\OnLooker\\Output\Release\OnLooker.exe" /NOLOGO kernel32.lib user32.lib gdi32.lib winspool.lib comdlg32.lib advapi32.lib shell32.lib ole32.lib oleaut32.lib uuid.lib odbc32.lib odbccp32.lib /MANIFEST /ManifestFile:"C:\Users\Nathan\Documents\GitHub\OnLooker\Game Framework\Windows\OnLooker\\Output\Int\Release\OnLooker.exe.intermediate.manifest" /MANIFESTUAC:"level='asInvoker' uiAccess='false'" /DEBUG /PDB:"C:\Users\Nathan\Documents\GitHub\OnLooker\Game Framework\Windows\OnLooker\Output\Release\OnLooker.pdb" /SUBSYSTEM:CONSOLE /OPT:REF /OPT:ICF /LTCG /TLBID:1 /DYNAMICBASE /NXCOMPAT /IMPLIB:"C:\Users\Nathan\Documents\GitHub\OnLooker\Game Framework\Windows\OnLooker\\Output\Release\OnLooker.lib" /MACHINE:X86 "C:\Users\Nathan\Documents\GitHub\OnLooker\Game Framework\Windows\OnLooker\\Output\Int\Release\OL_Main.obj"
         Generating code
         Finished generating code
         OnLooker.vcxproj -> C:\Users\Nathan\Documents\GitHub\OnLooker\Game Framework\Windows\OnLooker\\Output\Release\OnLooker.exe
       Manifest:
         C:\Program Files (x86)\Microsoft SDKs\Windows\v7.0A\bin\mt.exe /nologo /verbose /outputresource:"C:\Users\Nathan\Documents\GitHub\OnLooker\Game Framework\Windows\OnLooker\\Output\Release\OnLooker.exe;#1" /manifest "C:\Users\Nathan\Documents\GitHub\OnLooker\Game Framework\Windows\OnLooker\\Output\Int\Release\OnLooker.exe.intermediate.manifest"
       FinalizeBuildStatus:
         Deleting file "C:\Users\Nathan\Documents\GitHub\OnLooker\Game Framework\Windows\OnLooker\\Output\Int\Release\OnLooker.unsuccessfulbuild".
         Touching "C:\Users\Nathan\Documents\GitHub\OnLooker\Game Framework\Windows\OnLooker\\Output\Int\Release\OnLooker.lastbuildstate".
     1>Done Building Project "C:\Users\Nathan\Documents\GitHub\OnLooker\Game Framework\Windows\OnLooker\OnLooker\OnLooker.vcxproj" (build target(s)).

Build succeeded.

Time Elapsed 00:00:00.63
