C:\USERS\HANL0030\DOCUMENTS\GITHUB\ONLOOKER\GAME FRAMEWORK\WINDOWS\ONLOOKER\DEBUG\ONLOOKER.EXE
C:\USERS\HANL0030\DOCUMENTS\GITHUB\ONLOOKER\GAME FRAMEWORK\WINDOWS\ONLOOKER\DEBUG\ONLOOKER.ILK
C:\USERS\HANL0030\DOCUMENTS\GITHUB\ONLOOKER\GAME FRAMEWORK\WINDOWS\ONLOOKER\DEBUG\ONLOOKER.PDB
C:\Users\hanl0030\Documents\GitHub\OnLooker\Game Framework\Windows\OnLooker\OnLooker\Debug\cl.command.1.tlog
C:\Users\hanl0030\Documents\GitHub\OnLooker\Game Framework\Windows\OnLooker\OnLooker\Debug\CL.read.1.tlog
C:\Users\hanl0030\Documents\GitHub\OnLooker\Game Framework\Windows\OnLooker\OnLooker\Debug\CL.write.1.tlog
C:\Users\hanl0030\Documents\GitHub\OnLooker\Game Framework\Windows\OnLooker\OnLooker\Debug\link.command.1.tlog
C:\Users\hanl0030\Documents\GitHub\OnLooker\Game Framework\Windows\OnLooker\OnLooker\Debug\link.read.1.tlog
C:\Users\hanl0030\Documents\GitHub\OnLooker\Game Framework\Windows\OnLooker\OnLooker\Debug\link.write.1.tlog
C:\USERS\HANL0030\DOCUMENTS\GITHUB\ONLOOKER\GAME FRAMEWORK\WINDOWS\ONLOOKER\ONLOOKER\DEBUG\LODEPNG.OBJ
C:\Users\hanl0030\Documents\GitHub\OnLooker\Game Framework\Windows\OnLooker\OnLooker\Debug\mt.command.1.tlog
C:\Users\hanl0030\Documents\GitHub\OnLooker\Game Framework\Windows\OnLooker\OnLooker\Debug\mt.read.1.tlog
C:\Users\hanl0030\Documents\GitHub\OnLooker\Game Framework\Windows\OnLooker\OnLooker\Debug\mt.write.1.tlog
C:\USERS\HANL0030\DOCUMENTS\GITHUB\ONLOOKER\GAME FRAMEWORK\WINDOWS\ONLOOKER\ONLOOKER\DEBUG\OL_APPLICATION.OBJ
C:\USERS\HANL0030\DOCUMENTS\GITHUB\ONLOOKER\GAME FRAMEWORK\WINDOWS\ONLOOKER\ONLOOKER\DEBUG\OL_COLOR.OBJ
C:\USERS\HANL0030\DOCUMENTS\GITHUB\ONLOOKER\GAME FRAMEWORK\WINDOWS\ONLOOKER\ONLOOKER\DEBUG\OL_CONSOLE.OBJ
C:\USERS\HANL0030\DOCUMENTS\GITHUB\ONLOOKER\GAME FRAMEWORK\WINDOWS\ONLOOKER\ONLOOKER\DEBUG\OL_CONSOLEMESSAGE.OBJ
C:\USERS\HANL0030\DOCUMENTS\GITHUB\ONLOOKER\GAME FRAMEWORK\WINDOWS\ONLOOKER\ONLOOKER\DEBUG\OL_DEBUG.OBJ
C:\USERS\HANL0030\DOCUMENTS\GITHUB\ONLOOKER\GAME FRAMEWORK\WINDOWS\ONLOOKER\ONLOOKER\DEBUG\OL_FILEPATH.OBJ
C:\USERS\HANL0030\DOCUMENTS\GITHUB\ONLOOKER\GAME FRAMEWORK\WINDOWS\ONLOOKER\ONLOOKER\DEBUG\OL_GAME.OBJ
C:\USERS\HANL0030\DOCUMENTS\GITHUB\ONLOOKER\GAME FRAMEWORK\WINDOWS\ONLOOKER\ONLOOKER\DEBUG\OL_INPUT.OBJ
C:\USERS\HANL0030\DOCUMENTS\GITHUB\ONLOOKER\GAME FRAMEWORK\WINDOWS\ONLOOKER\ONLOOKER\DEBUG\OL_IREFERENCE.OBJ
C:\USERS\HANL0030\DOCUMENTS\GITHUB\ONLOOKER\GAME FRAMEWORK\WINDOWS\ONLOOKER\ONLOOKER\DEBUG\OL_MAIN.OBJ
C:\USERS\HANL0030\DOCUMENTS\GITHUB\ONLOOKER\GAME FRAMEWORK\WINDOWS\ONLOOKER\ONLOOKER\DEBUG\OL_MATRIX3X3.OBJ
C:\USERS\HANL0030\DOCUMENTS\GITHUB\ONLOOKER\GAME FRAMEWORK\WINDOWS\ONLOOKER\ONLOOKER\DEBUG\OL_MESH.OBJ
C:\USERS\HANL0030\DOCUMENTS\GITHUB\ONLOOKER\GAME FRAMEWORK\WINDOWS\ONLOOKER\ONLOOKER\DEBUG\OL_OBJECT.OBJ
C:\USERS\HANL0030\DOCUMENTS\GITHUB\ONLOOKER\GAME FRAMEWORK\WINDOWS\ONLOOKER\ONLOOKER\DEBUG\OL_RENDERER.OBJ
C:\USERS\HANL0030\DOCUMENTS\GITHUB\ONLOOKER\GAME FRAMEWORK\WINDOWS\ONLOOKER\ONLOOKER\DEBUG\OL_SHADER.OBJ
C:\USERS\HANL0030\DOCUMENTS\GITHUB\ONLOOKER\GAME FRAMEWORK\WINDOWS\ONLOOKER\ONLOOKER\DEBUG\OL_TEXTURE.OBJ
C:\USERS\HANL0030\DOCUMENTS\GITHUB\ONLOOKER\GAME FRAMEWORK\WINDOWS\ONLOOKER\ONLOOKER\DEBUG\OL_TEXTUREREFERENCE.OBJ
C:\USERS\HANL0030\DOCUMENTS\GITHUB\ONLOOKER\GAME FRAMEWORK\WINDOWS\ONLOOKER\ONLOOKER\DEBUG\OL_TIME.OBJ
C:\USERS\HANL0030\DOCUMENTS\GITHUB\ONLOOKER\GAME FRAMEWORK\WINDOWS\ONLOOKER\ONLOOKER\DEBUG\OL_UTILITIES.OBJ
C:\USERS\HANL0030\DOCUMENTS\GITHUB\ONLOOKER\GAME FRAMEWORK\WINDOWS\ONLOOKER\ONLOOKER\DEBUG\OL_VECTOR2.OBJ
C:\USERS\HANL0030\DOCUMENTS\GITHUB\ONLOOKER\GAME FRAMEWORK\WINDOWS\ONLOOKER\ONLOOKER\DEBUG\OL_VECTOR3.OBJ
C:\USERS\HANL0030\DOCUMENTS\GITHUB\ONLOOKER\GAME FRAMEWORK\WINDOWS\ONLOOKER\ONLOOKER\DEBUG\OL_VERTEXATTRIBUTE.OBJ
C:\USERS\HANL0030\DOCUMENTS\GITHUB\ONLOOKER\GAME FRAMEWORK\WINDOWS\ONLOOKER\ONLOOKER\DEBUG\OL_WINDOW.OBJ
C:\USERS\HANL0030\DOCUMENTS\GITHUB\ONLOOKER\GAME FRAMEWORK\WINDOWS\ONLOOKER\ONLOOKER\DEBUG\ONLOOKER.EXE.INTERMEDIATE.MANIFEST
C:\USERS\HANL0030\DOCUMENTS\GITHUB\ONLOOKER\GAME FRAMEWORK\WINDOWS\ONLOOKER\ONLOOKER\DEBUG\TEXTUREMANAGER.OBJ
C:\Users\hanl0030\Documents\GitHub\OnLooker\Game Framework\Windows\OnLooker\OnLooker\Debug\vc100.idb
C:\USERS\HANL0030\DOCUMENTS\GITHUB\ONLOOKER\GAME FRAMEWORK\WINDOWS\ONLOOKER\ONLOOKER\DEBUG\VC100.PDB
